<?xml version="1.0" encoding="UTF-8"?>
<!-- Generated by org.testng.reporters.JUnitReportReporter -->
<testsuite hostname="Ankush" failures="0" tests="7" name="com.SauceDemoTest.SauceDemoTestCases" time="39.295" errors="0" timestamp="2023-06-12T13:23:32 IST" skipped="0">
  <testcase classname="com.SauceDemoTest.SauceDemoTestCases" name="LoginTest" time="7.326"/>
  <system-out>
    <![CDATA[user login Successfully]]>
  </system-out>
  <testcase classname="com.SauceDemoTest.SauceDemoTestCases" name="FilterItemsTest" time="4.121"/>
  <system-out>
    <![CDATA[Items filter by value z-a]]>
  </system-out>
  <testcase classname="com.SauceDemoTest.SauceDemoTestCases" name="AddToCartTest" time="4.062"/>
  <system-out>
    <![CDATA[Items Add to cart]]>
  </system-out>
  <testcase classname="com.SauceDemoTest.SauceDemoTestCases" name="SoppingCartTest" time="2.058"/>
  <system-out>
    <![CDATA[click on shopping cart link]]>
  </system-out>
  <testcase classname="com.SauceDemoTest.SauceDemoTestCases" name="ItemCheckoutTest" time="2.059"/>
  <system-out>
    <![CDATA[Item checkout in cart]]>
  </system-out>
  <testcase classname="com.SauceDemoTest.SauceDemoTestCases" name="FillYourInfoTest" time="10.252"/>
  <system-out>
    <![CDATA[enter firstname
enter lastname
blank Zip code
Error: Postal Code is required]]>
  </system-out>
  <testcase classname="com.SauceDemoTest.SauceDemoTestCases" name="LogoutTest" time="9.417"/>
  <system-out>
    <![CDATA[Click on MenuBar
Click on logout btn
user logout succsessfully]]>
  </system-out>
</testsuite> <!-- com.SauceDemoTest.SauceDemoTestCases -->
